<?xml version="1.0" encoding="UTF-8"?>
<!-- Generated by org.testng.reporters.JUnitReportReporter -->
<testsuite skipped="0" hostname="MBP-173347" name="SanitySuite.SecondTest" tests="1" failures="0" timestamp="2021-12-17T23:19:21 IST" time="2.420" errors="0">
  <testcase name="randomJoke" time="2.420" classname="SanitySuite.SecondTest"/>
  <system-out/>
</testsuite> <!-- SanitySuite.SecondTest -->
